-- Training using proposed method
nhidden: 500
lrate: 0.010000
nepochs: 15
bsize: 20
k: 5
Epoch 0 stats
		mean reconstruction error 	19.156822
		mean pseudo likelihood 	-1175.191895
		training mean avg changes	0.000000
		time 	0.000000
Epoch 1 stats
		mean reconstruction error 	6.653515
		mean pseudo likelihood 	-62.803928
		training mean avg changes	0.043820
		time 	112.385654
Epoch 2 stats
		mean reconstruction error 	6.243078
		mean pseudo likelihood 	-92.137375
		training mean avg changes	0.022720
		time 	220.303138
Epoch 3 stats
		mean reconstruction error 	5.990805
		mean pseudo likelihood 	-64.032837
		training mean avg changes	0.017120
		time 	330.631293
Epoch 4 stats
		mean reconstruction error 	5.807528
		mean pseudo likelihood 	-50.067905
		training mean avg changes	0.014520
		time 	464.065675
Epoch 5 stats
		mean reconstruction error 	5.682858
		mean pseudo likelihood 	-88.336113
		training mean avg changes	0.014360
		time 	561.259777
Epoch 6 stats
		mean reconstruction error 	5.553583
		mean pseudo likelihood 	-49.682343
		training mean avg changes	0.013180
		time 	657.809058
Epoch 7 stats
		mean reconstruction error 	5.476707
		mean pseudo likelihood 	-55.760090
		training mean avg changes	0.011700
		time 	762.409459
Epoch 8 stats
		mean reconstruction error 	5.384766
		mean pseudo likelihood 	-81.627472
		training mean avg changes	0.011820
		time 	881.764154
Epoch 9 stats
		mean reconstruction error 	5.333071
		mean pseudo likelihood 	-45.027653
		training mean avg changes	0.011540
		time 	988.981814
Epoch 10 stats
		mean reconstruction error 	5.292656
		mean pseudo likelihood 	-62.218430
		training mean avg changes	0.009700
		time 	1099.410706
Epoch 11 stats
		mean reconstruction error 	5.229668
		mean pseudo likelihood 	-65.509789
		training mean avg changes	0.009980
		time 	1204.072575
Epoch 12 stats
		mean reconstruction error 	5.188210
		mean pseudo likelihood 	-44.487885
		training mean avg changes	0.009600
		time 	1306.467274
Epoch 13 stats
		mean reconstruction error 	5.150617
		mean pseudo likelihood 	-69.808235
		training mean avg changes	0.009880
		time 	1409.543587
Epoch 14 stats
		mean reconstruction error 	5.136661
		mean pseudo likelihood 	-52.868416
		training mean avg changes	0.010420
		time 	1518.691249
Epoch 15 stats
		mean reconstruction error 	5.073928
		mean pseudo likelihood 	-40.871666
		training mean avg changes	0.009860
		time 	1624.701358
