-- Training using proposed method
nhidden: 500
lrate: 0.010000
nepochs: 15
bsize: 20
k: 5
Epoch 0 stats
		mean reconstruction error 	19.230629
		mean pseudo likelihood 	-1243.495361
		training mean avg changes	0.000000
		time 	0.000000
Epoch 1 stats
		mean reconstruction error 	6.646398
		mean pseudo likelihood 	-62.052288
		training mean avg changes	0.039740
		time 	95.698802
Epoch 2 stats
		mean reconstruction error 	6.227261
		mean pseudo likelihood 	-91.878014
		training mean avg changes	0.021340
		time 	190.899880
Epoch 3 stats
		mean reconstruction error 	5.982838
		mean pseudo likelihood 	-63.456551
		training mean avg changes	0.017600
		time 	286.206249
Epoch 4 stats
		mean reconstruction error 	5.790459
		mean pseudo likelihood 	-50.577858
		training mean avg changes	0.016060
		time 	381.454796
Epoch 5 stats
		mean reconstruction error 	5.655062
		mean pseudo likelihood 	-86.725449
		training mean avg changes	0.013640
		time 	476.760213
Epoch 6 stats
		mean reconstruction error 	5.570277
		mean pseudo likelihood 	-49.785633
		training mean avg changes	0.012840
		time 	571.808094
Epoch 7 stats
		mean reconstruction error 	5.464250
		mean pseudo likelihood 	-54.323681
		training mean avg changes	0.011780
		time 	666.627480
Epoch 8 stats
		mean reconstruction error 	5.389520
		mean pseudo likelihood 	-82.286095
		training mean avg changes	0.012040
		time 	761.630055
Epoch 9 stats
		mean reconstruction error 	5.318908
		mean pseudo likelihood 	-45.308990
		training mean avg changes	0.011200
		time 	856.625260
Epoch 10 stats
		mean reconstruction error 	5.283228
		mean pseudo likelihood 	-61.422592
		training mean avg changes	0.010540
		time 	951.646188
Epoch 11 stats
		mean reconstruction error 	5.243889
		mean pseudo likelihood 	-65.153992
		training mean avg changes	0.009760
		time 	1046.921627
Epoch 12 stats
		mean reconstruction error 	5.164299
		mean pseudo likelihood 	-42.548882
		training mean avg changes	0.009380
		time 	1141.824712
Epoch 13 stats
		mean reconstruction error 	5.150636
		mean pseudo likelihood 	-71.436234
		training mean avg changes	0.009140
		time 	1233.682780
Epoch 14 stats
		mean reconstruction error 	5.109786
		mean pseudo likelihood 	-51.944206
		training mean avg changes	0.009880
		time 	1325.346761
Epoch 15 stats
		mean reconstruction error 	5.082314
		mean pseudo likelihood 	-41.825657
		training mean avg changes	0.009560
		time 	1417.405946
