-- Training using proposed method
nhidden: 100
lrate: 0.010000
nepochs: 15
bsize: 100
k: 1
Epoch 0 stats
		mean reconstruction error 	19.414401
		mean cross entropy 	-649.826234
		mean pseudo likelihood 	-760.784521
		training mean number of changes	0
		time 	0.000000
Epoch 1 stats
		mean reconstruction error 	10.047751
		mean cross entropy 	-153.993376
		mean pseudo likelihood 	-165.169692
		training mean number of changes	40
		time 	23.878710
Epoch 2 stats
		mean reconstruction error 	9.263766
		mean cross entropy 	-131.244379
		mean pseudo likelihood 	-139.590065
		training mean number of changes	13
		time 	47.667142
Epoch 3 stats
		mean reconstruction error 	8.966714
		mean cross entropy 	-122.614606
		mean pseudo likelihood 	-129.872073
		training mean number of changes	6
		time 	72.512694
Epoch 4 stats
		mean reconstruction error 	8.756410
		mean cross entropy 	-116.904740
		mean pseudo likelihood 	-124.041920
		training mean number of changes	5
		time 	96.242434
Epoch 5 stats
		mean reconstruction error 	8.585479
		mean cross entropy 	-112.577957
		mean pseudo likelihood 	-119.506140
		training mean number of changes	5
		time 	121.944816
Epoch 6 stats
		mean reconstruction error 	8.462179
		mean cross entropy 	-109.283811
		mean pseudo likelihood 	-116.045090
		training mean number of changes	4
		time 	145.683394
Epoch 7 stats
		mean reconstruction error 	8.346739
		mean cross entropy 	-106.520039
		mean pseudo likelihood 	-113.172931
		training mean number of changes	4
		time 	169.435506
Epoch 8 stats
		mean reconstruction error 	8.268435
		mean cross entropy 	-104.276672
		mean pseudo likelihood 	-110.990125
		training mean number of changes	4
		time 	193.118441
Epoch 9 stats
		mean reconstruction error 	8.186114
		mean cross entropy 	-102.443813
		mean pseudo likelihood 	-108.960999
		training mean number of changes	4
		time 	216.770908
Epoch 10 stats
		mean reconstruction error 	8.117767
		mean cross entropy 	-100.814439
		mean pseudo likelihood 	-107.209157
		training mean number of changes	4
		time 	240.447709
Epoch 11 stats
		mean reconstruction error 	8.053181
		mean cross entropy 	-99.222841
		mean pseudo likelihood 	-105.457623
		training mean number of changes	3
		time 	264.110827
Epoch 12 stats
		mean reconstruction error 	7.992404
		mean cross entropy 	-97.866729
		mean pseudo likelihood 	-104.019301
		training mean number of changes	3
		time 	287.776078
Epoch 13 stats
		mean reconstruction error 	7.948280
		mean cross entropy 	-96.816291
		mean pseudo likelihood 	-102.957273
		training mean number of changes	3
		time 	311.462036
Epoch 14 stats
		mean reconstruction error 	7.894725
		mean cross entropy 	-95.547395
		mean pseudo likelihood 	-101.770282
		training mean number of changes	3
		time 	335.148720
Epoch 15 stats
		mean reconstruction error 	7.866484
		mean cross entropy 	-94.643231
		mean pseudo likelihood 	-100.781044
		training mean number of changes	3
		time 	358.825490
