-- Training using contrastive divergence
nhidden: 500
lrate: 0.010000
nepochs: 15
bsize: 20
k: 5
Epoch 0 stats
		mean reconstruction error 	18.978991
		mean pseudo likelihood 	-1187.397827
		time 	0.000000
Epoch 1 stats
		mean reconstruction error 	6.664526
		mean pseudo likelihood 	-88.409828
		time 	91.255215
Epoch 2 stats
		mean reconstruction error 	6.213386
		mean pseudo likelihood 	-76.924187
		time 	180.587624
Epoch 3 stats
		mean reconstruction error 	5.949247
		mean pseudo likelihood 	-70.333519
		time 	269.797613
Epoch 4 stats
		mean reconstruction error 	5.762614
		mean pseudo likelihood 	-64.746826
		time 	358.867826
Epoch 5 stats
		mean reconstruction error 	5.612730
		mean pseudo likelihood 	-58.491512
		time 	447.978526
Epoch 6 stats
		mean reconstruction error 	5.486093
		mean pseudo likelihood 	-59.768375
		time 	537.568743
Epoch 7 stats
		mean reconstruction error 	5.387733
		mean pseudo likelihood 	-60.781418
		time 	627.053395
Epoch 8 stats
		mean reconstruction error 	5.298392
		mean pseudo likelihood 	-60.152824
		time 	716.662293
Epoch 9 stats
		mean reconstruction error 	5.224761
		mean pseudo likelihood 	-56.478542
		time 	806.099505
Epoch 10 stats
		mean reconstruction error 	5.160382
		mean pseudo likelihood 	-53.583824
		time 	895.346668
Epoch 11 stats
		mean reconstruction error 	5.104114
		mean pseudo likelihood 	-53.367542
		time 	985.304139
Epoch 12 stats
		mean reconstruction error 	5.049783
		mean pseudo likelihood 	-54.263489
		time 	1074.912135
Epoch 13 stats
		mean reconstruction error 	5.006028
		mean pseudo likelihood 	-52.896599
		time 	1164.235432
Epoch 14 stats
		mean reconstruction error 	4.960766
		mean pseudo likelihood 	-52.769680
		time 	1253.570429
Epoch 15 stats
		mean reconstruction error 	4.929118
		mean pseudo likelihood 	-49.834339
		time 	1342.996531
