-- Training using contrastive divergence
nhidden: 500
lrate: 0.100000
nepochs: 20
bsize: 50
k: 10
Epoch 0 stats
		mean Reconstruction error: 19.275810
		mean Cross Entropy: -916.258142
		mean pseudo likelihood: -1149.081270
Epoch 1 stats
		mean Reconstruction error: 6.285164
		mean Cross Entropy: -62.319190
		mean pseudo likelihood: -62.049648
Epoch 2 stats
		mean Reconstruction error: 5.758424
		mean Cross Entropy: -52.764597
		mean pseudo likelihood: -67.408105
Epoch 3 stats
		mean Reconstruction error: 5.477106
		mean Cross Entropy: -48.266486
		mean pseudo likelihood: -56.173198
Epoch 4 stats
		mean Reconstruction error: 5.315424
		mean Cross Entropy: -45.623568
		mean pseudo likelihood: -64.905255
Epoch 5 stats
		mean Reconstruction error: 5.169393
		mean Cross Entropy: -43.533548
		mean pseudo likelihood: -59.522239
Epoch 6 stats
		mean Reconstruction error: 5.080845
		mean Cross Entropy: -42.344066
		mean pseudo likelihood: -50.056322
Epoch 7 stats
		mean Reconstruction error: 5.001925
		mean Cross Entropy: -41.036519
		mean pseudo likelihood: -57.045812
Epoch 8 stats
		mean Reconstruction error: 4.944351
		mean Cross Entropy: -40.356704
		mean pseudo likelihood: -41.443916
Epoch 9 stats
		mean Reconstruction error: 4.899411
		mean Cross Entropy: -39.530830
		mean pseudo likelihood: -68.189462
Epoch 10 stats
		mean Reconstruction error: 4.833734
		mean Cross Entropy: -38.829824
		mean pseudo likelihood: -50.710711
Epoch 11 stats
		mean Reconstruction error: 4.797572
		mean Cross Entropy: -38.256923
		mean pseudo likelihood: -68.767892
Epoch 12 stats
		mean Reconstruction error: 4.752716
		mean Cross Entropy: -37.706861
		mean pseudo likelihood: -52.617507
Epoch 13 stats
		mean Reconstruction error: 4.724991
		mean Cross Entropy: -37.282645
		mean pseudo likelihood: -53.369854
Epoch 14 stats
		mean Reconstruction error: 4.691676
		mean Cross Entropy: -36.719787
		mean pseudo likelihood: -58.384324
Epoch 15 stats
		mean Reconstruction error: 4.668955
		mean Cross Entropy: -36.456223
		mean pseudo likelihood: -48.890578
Epoch 16 stats
		mean Reconstruction error: 4.637994
		mean Cross Entropy: -36.228512
		mean pseudo likelihood: -55.360287
Epoch 17 stats
		mean Reconstruction error: 4.612412
		mean Cross Entropy: -35.773546
		mean pseudo likelihood: -76.734606
Epoch 18 stats
		mean Reconstruction error: 4.587778
		mean Cross Entropy: -35.444541
		mean pseudo likelihood: -49.176188
Epoch 19 stats
		mean Reconstruction error: 4.579584
		mean Cross Entropy: -35.354063
		mean pseudo likelihood: -42.317398
Epoch 20 stats
		mean Reconstruction error: 4.566831
		mean Cross Entropy: -35.293943
		mean pseudo likelihood: -53.454031
