-- Training using constrative divergence
nepochs: 20
bsize: 50
k: 5
Epoch 0 stats
		Mean Reconstruction Error 10.461643
		Mean Cross Entropy Error -560.770113
Epoch 1 stats
		Mean Reconstruction Error 8.111064
		Mean Cross Entropy Error -535.466948
Epoch 2 stats
		Mean Reconstruction Error 7.383845
		Mean Cross Entropy Error -529.458465
Epoch 3 stats
		Mean Reconstruction Error 6.985942
		Mean Cross Entropy Error -526.775204
Epoch 4 stats
		Mean Reconstruction Error 6.702503
		Mean Cross Entropy Error -524.864012
Epoch 5 stats
		Mean Reconstruction Error 6.484619
		Mean Cross Entropy Error -523.604339
Epoch 6 stats
		Mean Reconstruction Error 6.288074
		Mean Cross Entropy Error -522.474811
Epoch 7 stats
		Mean Reconstruction Error 6.134262
		Mean Cross Entropy Error -521.531511
Epoch 8 stats
		Mean Reconstruction Error 5.984579
		Mean Cross Entropy Error -520.709991
Epoch 9 stats
		Mean Reconstruction Error 5.857581
		Mean Cross Entropy Error -520.036650
Epoch 10 stats
		Mean Reconstruction Error 5.763141
		Mean Cross Entropy Error -519.550426
Epoch 11 stats
		Mean Reconstruction Error 5.690091
		Mean Cross Entropy Error -519.181732
Epoch 12 stats
		Mean Reconstruction Error 5.612216
		Mean Cross Entropy Error -518.749997
Epoch 13 stats
		Mean Reconstruction Error 5.537490
		Mean Cross Entropy Error -518.416775
Epoch 14 stats
		Mean Reconstruction Error 5.497040
		Mean Cross Entropy Error -518.225025
Epoch 15 stats
		Mean Reconstruction Error 5.447159
		Mean Cross Entropy Error -517.943824
Epoch 16 stats
		Mean Reconstruction Error 5.394303
		Mean Cross Entropy Error -517.744734
Epoch 17 stats
		Mean Reconstruction Error 5.355133
		Mean Cross Entropy Error -517.580933
Epoch 18 stats
		Mean Reconstruction Error 5.310344
		Mean Cross Entropy Error -517.359624
Epoch 19 stats
		Mean Reconstruction Error 5.293347
		Mean Cross Entropy Error -517.231867
