-- Training using proposed method
nhidden: 500
lrate: 0.010000
nepochs: 15
bsize: 20
k: 5
Epoch 0 stats
		mean reconstruction error 	18.838789
		mean pseudo likelihood 	-1179.117065
		training mean avg changes	0.000000
		time 	0.000000
Epoch 1 stats
		mean reconstruction error 	6.631072
		mean pseudo likelihood 	-61.719086
		training mean avg changes	0.233700
		time 	225.643652
Epoch 2 stats
		mean reconstruction error 	6.201824
		mean pseudo likelihood 	-92.282318
		training mean avg changes	0.172960
		time 	451.163737
Epoch 3 stats
		mean reconstruction error 	5.955408
		mean pseudo likelihood 	-62.518070
		training mean avg changes	0.149140
		time 	679.593337
Epoch 4 stats
		mean reconstruction error 	5.788475
		mean pseudo likelihood 	-49.551937
		training mean avg changes	0.141040
		time 	910.832237
Epoch 5 stats
		mean reconstruction error 	5.633497
		mean pseudo likelihood 	-85.852242
		training mean avg changes	0.129180
		time 	1141.020115
Epoch 6 stats
		mean reconstruction error 	5.534980
		mean pseudo likelihood 	-49.295315
		training mean avg changes	0.125880
		time 	1368.130954
Epoch 7 stats
		mean reconstruction error 	5.434133
		mean pseudo likelihood 	-56.047302
		training mean avg changes	0.119740
		time 	1586.656108
Epoch 8 stats
		mean reconstruction error 	5.372209
		mean pseudo likelihood 	-81.492035
		training mean avg changes	0.116760
		time 	1812.128706
Epoch 9 stats
		mean reconstruction error 	5.300931
		mean pseudo likelihood 	-46.210873
		training mean avg changes	0.114920
		time 	2036.744625
Epoch 10 stats
		mean reconstruction error 	5.239893
		mean pseudo likelihood 	-62.004887
		training mean avg changes	0.114900
		time 	2261.544972
Epoch 11 stats
		mean reconstruction error 	5.197733
		mean pseudo likelihood 	-64.771896
		training mean avg changes	0.105520
		time 	2486.559563
Epoch 12 stats
		mean reconstruction error 	5.170887
		mean pseudo likelihood 	-43.593544
		training mean avg changes	0.102580
		time 	2712.085065
Epoch 13 stats
		mean reconstruction error 	5.126587
		mean pseudo likelihood 	-70.322014
		training mean avg changes	0.098420
		time 	2936.073510
Epoch 14 stats
		mean reconstruction error 	5.084365
		mean pseudo likelihood 	-51.341446
		training mean avg changes	0.099040
		time 	3160.740300
Epoch 15 stats
		mean reconstruction error 	5.049374
		mean pseudo likelihood 	-41.848511
		training mean avg changes	0.097180
		time 	3376.898056
